0 verbose cli /Users/nazrinaliyeva/.nvm/versions/node/v21.7.1/bin/node /Users/nazrinaliyeva/.nvm/versions/node/v21.7.1/bin/npm
1 info using npm@10.5.0
2 info using node@v21.7.1
3 timing npm:load:whichnode Completed in 1ms
4 timing config:load:defaults Completed in 0ms
5 timing config:load:file:/Users/nazrinaliyeva/.nvm/versions/node/v21.7.1/lib/node_modules/npm/npmrc Completed in 1ms
6 timing config:load:builtin Completed in 1ms
7 timing config:load:cli Completed in 1ms
8 timing config:load:env Completed in 0ms
9 timing config:load:file:/Users/nazrinaliyeva/Desktop/music-room/.npmrc Completed in 0ms
10 timing config:load:project Completed in 2ms
11 timing config:load:file:/Users/nazrinaliyeva/.npmrc Completed in 2ms
12 timing config:load:user Completed in 2ms
13 timing config:load:file:/Users/nazrinaliyeva/.nvm/versions/node/v21.7.1/etc/npmrc Completed in 0ms
14 timing config:load:global Completed in 0ms
15 timing config:load:setEnvs Completed in 0ms
16 timing config:load Completed in 6ms
17 timing npm:load:configload Completed in 6ms
18 timing config:load:flatten Completed in 1ms
19 timing npm:load:mkdirpcache Completed in 0ms
20 timing npm:load:mkdirplogs Completed in 0ms
21 verbose title npm install @radix-ui/react-dialog
22 verbose argv "install" "@radix-ui/react-dialog"
23 timing npm:load:setTitle Completed in 5ms
24 timing npm:load:display Completed in 1ms
25 verbose logfile logs-max:10 dir:/Users/nazrinaliyeva/Desktop/music-room/.npm-cache/_logs/2025-12-13T07_40_29_530Z-
26 verbose logfile /Users/nazrinaliyeva/Desktop/music-room/.npm-cache/_logs/2025-12-13T07_40_29_530Z-debug-0.log
27 timing npm:load:logFile Completed in 3ms
28 timing npm:load:timers Completed in 0ms
29 timing npm:load:configScope Completed in 0ms
30 timing npm:load Completed in 21ms
31 timing arborist:ctor Completed in 0ms
32 silly logfile done cleaning log files
33 timing idealTree:init Completed in 64ms
34 timing idealTree:userRequests Completed in 1ms
35 silly idealTree buildDeps
36 silly fetch manifest @radix-ui/react-dialog@*
37 timing arborist:ctor Completed in 0ms
38 http fetch GET 200 https://registry.npmjs.org/@radix-ui%2freact-dialog 426ms (cache miss)
39 silly fetch manifest @types/react@^19
40 http fetch GET 200 https://registry.npmjs.org/@types%2freact 231ms (cache miss)
41 silly fetch manifest @types/react-dom@^19
42 http fetch GET 200 https://registry.npmjs.org/@types%2freact-dom 110ms (cache miss)
43 silly fetch manifest react@19.2.1
44 http fetch GET 200 https://registry.npmjs.org/react 18ms (cache hit)
45 silly fetch manifest react-dom@19.2.1
46 http fetch GET 200 https://registry.npmjs.org/react-dom 304ms (cache miss)
47 silly placeDep ROOT @radix-ui/react-dialog@1.1.15 OK for: music-room@0.1.0 want: *
48 silly fetch manifest aria-hidden@^1.2.4
49 silly fetch manifest @radix-ui/react-id@1.1.1
50 silly fetch manifest @radix-ui/primitive@1.1.3
51 silly fetch manifest react-remove-scroll@^2.6.3
52 silly fetch manifest @radix-ui/react-slot@1.2.3
53 silly fetch manifest @radix-ui/react-portal@1.1.9
54 silly fetch manifest @radix-ui/react-context@1.1.2
55 http fetch GET 200 https://registry.npmjs.org/aria-hidden 81ms (cache miss)
56 silly fetch manifest @radix-ui/react-presence@1.1.5
57 http fetch GET 200 https://registry.npmjs.org/@radix-ui%2freact-presence 102ms (cache miss)
58 silly fetch manifest @radix-ui/react-primitive@2.1.3
59 http fetch GET 200 https://registry.npmjs.org/@radix-ui%2freact-primitive 111ms (cache miss)
60 silly fetch manifest @radix-ui/react-focus-scope@1.1.7
61 http fetch GET 200 https://registry.npmjs.org/react-remove-scroll 305ms (cache miss)
62 silly fetch manifest @radix-ui/react-compose-refs@1.1.2
63 http fetch GET 200 https://registry.npmjs.org/@radix-ui%2fprimitive 315ms (cache miss)
64 silly fetch manifest @radix-ui/react-focus-guards@1.1.3
65 http fetch GET 200 https://registry.npmjs.org/@radix-ui%2freact-context 318ms (cache miss)
66 silly fetch manifest @radix-ui/react-dismissable-layer@1.1.11
67 http fetch GET 200 https://registry.npmjs.org/@radix-ui%2freact-portal 385ms (cache miss)
68 silly fetch manifest @radix-ui/react-use-controllable-state@1.2.2
69 http fetch GET 200 https://registry.npmjs.org/@radix-ui%2freact-dismissable-layer 146ms (cache miss)
70 http fetch GET 200 https://registry.npmjs.org/@radix-ui%2freact-focus-guards 156ms (cache miss)
71 http fetch GET 200 https://registry.npmjs.org/@radix-ui%2freact-use-controllable-state 117ms (cache miss)
72 http fetch GET 200 https://registry.npmjs.org/@radix-ui%2freact-focus-scope 247ms (cache miss)
73 http fetch GET 200 https://registry.npmjs.org/@radix-ui%2freact-compose-refs 246ms (cache miss)
74 http fetch GET 200 https://registry.npmjs.org/@radix-ui%2freact-slot 554ms (cache miss)
75 http fetch GET 200 https://registry.npmjs.org/@radix-ui%2freact-id 743ms (cache miss)
76 timing idealTree:#root Completed in 1950ms
77 silly fetch manifest @types/react@*
78 silly fetch manifest react@^16.8 || ^17.0 || ^18.0 || ^19.0 || ^19.0.0-rc
79 silly fetch manifest @types/react-dom@*
80 silly fetch manifest react-dom@^16.8 || ^17.0 || ^18.0 || ^19.0 || ^19.0.0-rc
81 silly placeDep ROOT @radix-ui/primitive@1.1.3 OK for: @radix-ui/react-dialog@1.1.15 want: 1.1.3
82 silly placeDep ROOT @radix-ui/react-compose-refs@1.1.2 OK for: @radix-ui/react-dialog@1.1.15 want: 1.1.2
83 silly placeDep ROOT @radix-ui/react-context@1.1.2 OK for: @radix-ui/react-dialog@1.1.15 want: 1.1.2
84 silly placeDep ROOT @radix-ui/react-dismissable-layer@1.1.11 OK for: @radix-ui/react-dialog@1.1.15 want: 1.1.11
85 silly placeDep ROOT @radix-ui/react-focus-guards@1.1.3 OK for: @radix-ui/react-dialog@1.1.15 want: 1.1.3
86 silly placeDep ROOT @radix-ui/react-focus-scope@1.1.7 OK for: @radix-ui/react-dialog@1.1.15 want: 1.1.7
87 silly placeDep ROOT @radix-ui/react-id@1.1.1 OK for: @radix-ui/react-dialog@1.1.15 want: 1.1.1
88 silly placeDep ROOT @radix-ui/react-portal@1.1.9 OK for: @radix-ui/react-dialog@1.1.15 want: 1.1.9
89 silly placeDep ROOT @radix-ui/react-presence@1.1.5 OK for: @radix-ui/react-dialog@1.1.15 want: 1.1.5
90 silly placeDep ROOT @radix-ui/react-primitive@2.1.3 OK for: @radix-ui/react-dialog@1.1.15 want: 2.1.3
91 silly placeDep ROOT @radix-ui/react-slot@1.2.3 OK for: @radix-ui/react-dialog@1.1.15 want: 1.2.3
92 silly placeDep ROOT @radix-ui/react-use-controllable-state@1.2.2 OK for: @radix-ui/react-dialog@1.1.15 want: 1.2.2
93 silly placeDep ROOT aria-hidden@1.2.6 OK for: @radix-ui/react-dialog@1.1.15 want: ^1.2.4
94 silly placeDep ROOT react-remove-scroll@2.7.2 OK for: @radix-ui/react-dialog@1.1.15 want: ^2.6.3
95 silly fetch manifest @radix-ui/react-use-callback-ref@1.1.1
96 silly fetch manifest @radix-ui/react-use-escape-keydown@1.1.1
97 silly fetch manifest @radix-ui/react-use-layout-effect@1.1.1
98 silly fetch manifest @radix-ui/react-use-effect-event@0.0.2
99 http fetch GET 200 https://registry.npmjs.org/@radix-ui%2freact-use-callback-ref 95ms (cache miss)
100 silly fetch manifest react-remove-scroll-bar@^2.3.7
101 http fetch GET 200 https://registry.npmjs.org/@radix-ui%2freact-use-escape-keydown 134ms (cache miss)
102 silly fetch manifest react-style-singleton@^2.2.3
103 http fetch GET 200 https://registry.npmjs.org/@radix-ui%2freact-use-layout-effect 151ms (cache miss)
104 silly fetch manifest use-callback-ref@^1.3.3
105 silly fetch manifest use-sidecar@^1.1.3
106 http fetch GET 200 https://registry.npmjs.org/react-remove-scroll-bar 86ms (cache miss)
107 http fetch GET 200 https://registry.npmjs.org/react-style-singleton 91ms (cache miss)
108 http fetch GET 200 https://registry.npmjs.org/use-sidecar 76ms (cache miss)
109 http fetch GET 200 https://registry.npmjs.org/use-callback-ref 82ms (cache miss)
110 http fetch GET 200 https://registry.npmjs.org/@radix-ui%2freact-use-effect-event 699ms (cache miss)
111 timing idealTree:node_modules/@radix-ui/react-dialog Completed in 789ms
112 timing idealTree:node_modules/@radix-ui/primitive Completed in 1ms
113 timing idealTree:node_modules/@radix-ui/react-compose-refs Completed in 0ms
114 timing idealTree:node_modules/@radix-ui/react-context Completed in 0ms
115 silly placeDep ROOT @radix-ui/react-use-callback-ref@1.1.1 OK for: @radix-ui/react-dismissable-layer@1.1.11 want: 1.1.1
116 silly placeDep ROOT @radix-ui/react-use-escape-keydown@1.1.1 OK for: @radix-ui/react-dismissable-layer@1.1.11 want: 1.1.1
117 timing idealTree:node_modules/@radix-ui/react-dismissable-layer Completed in 5ms
118 timing idealTree:node_modules/@radix-ui/react-focus-guards Completed in 0ms
119 timing idealTree:node_modules/@radix-ui/react-focus-scope Completed in 0ms
120 silly placeDep ROOT @radix-ui/react-use-layout-effect@1.1.1 OK for: @radix-ui/react-id@1.1.1 want: 1.1.1
121 timing idealTree:node_modules/@radix-ui/react-id Completed in 2ms
122 timing idealTree:node_modules/@radix-ui/react-portal Completed in 0ms
123 timing idealTree:node_modules/@radix-ui/react-presence Completed in 0ms
124 timing idealTree:node_modules/@radix-ui/react-primitive Completed in 0ms
125 timing idealTree:node_modules/@radix-ui/react-slot Completed in 0ms
126 timing idealTree:node_modules/@radix-ui/react-use-callback-ref Completed in 0ms
127 silly placeDep ROOT @radix-ui/react-use-effect-event@0.0.2 OK for: @radix-ui/react-use-controllable-state@1.2.2 want: 0.0.2
128 timing idealTree:node_modules/@radix-ui/react-use-controllable-state Completed in 3ms
129 timing idealTree:node_modules/@radix-ui/react-use-effect-event Completed in 0ms
130 timing idealTree:node_modules/@radix-ui/react-use-escape-keydown Completed in 0ms
131 timing idealTree:node_modules/@radix-ui/react-use-layout-effect Completed in 0ms
132 timing idealTree:node_modules/@tailwindcss/oxide-wasm32-wasi Completed in 0ms
133 timing idealTree:node_modules/aria-hidden Completed in 0ms
134 silly fetch manifest react@^16.8.0 || ^17.0.0 || ^18.0.0 || ^19.0.0 || ^19.0.0-rc
135 silly placeDep ROOT react-remove-scroll-bar@2.3.8 OK for: react-remove-scroll@2.7.2 want: ^2.3.7
136 silly placeDep ROOT react-style-singleton@2.2.3 OK for: react-remove-scroll@2.7.2 want: ^2.2.3
137 silly placeDep ROOT use-callback-ref@1.3.3 OK for: react-remove-scroll@2.7.2 want: ^1.3.3
138 silly placeDep ROOT use-sidecar@1.1.3 OK for: react-remove-scroll@2.7.2 want: ^1.1.3
139 silly fetch manifest react-style-singleton@^2.2.2
140 silly fetch manifest get-nonce@^1.0.0
141 silly fetch manifest detect-node-es@^1.1.0
142 http fetch GET 200 https://registry.npmjs.org/get-nonce 79ms (cache miss)
143 http fetch GET 200 https://registry.npmjs.org/detect-node-es 86ms (cache miss)
144 timing idealTree:node_modules/react-remove-scroll Completed in 95ms
145 timing idealTree:node_modules/react-remove-scroll-bar Completed in 0ms
146 silly placeDep ROOT get-nonce@1.0.1 OK for: react-style-singleton@2.2.3 want: ^1.0.0
147 timing idealTree:node_modules/react-style-singleton Completed in 1ms
148 timing idealTree:node_modules/get-nonce Completed in 0ms
149 timing idealTree:node_modules/use-callback-ref Completed in 0ms
150 silly placeDep ROOT detect-node-es@1.1.0 OK for: use-sidecar@1.1.3 want: ^1.1.0
151 timing idealTree:node_modules/use-sidecar Completed in 1ms
152 timing idealTree:node_modules/detect-node-es Completed in 0ms
153 timing idealTree:buildDeps Completed in 2849ms
154 timing idealTree:fixDepFlags Completed in 3ms
155 timing idealTree Completed in 2921ms
156 timing reify:loadTrees Completed in 2922ms
157 timing reify:diffTrees Completed in 5ms
158 silly reify moves {}
159 timing reify:retireShallow Completed in 0ms
160 timing reify:createSparse Completed in 5ms
161 verbose reify failed optional dependency /Users/nazrinaliyeva/Desktop/music-room/node_modules/@tailwindcss/oxide-wasm32-wasi
162 silly reify mark deleted [
162 silly reify   '/Users/nazrinaliyeva/Desktop/music-room/node_modules/@tailwindcss/oxide-wasm32-wasi'
162 silly reify ]
163 timing reifyNode:node_modules/@tailwindcss/oxide-wasm32-wasi Completed in 1ms
164 timing arborist:ctor Completed in 0ms
165 timing reify:diffTrees Completed in 2ms
166 timing reify:loadBundles Completed in 5ms
167 silly audit bulk request {
167 silly audit   '@alloc/quick-lru': [ '5.2.0' ],
167 silly audit   '@babel/code-frame': [ '7.27.1' ],
167 silly audit   '@babel/compat-data': [ '7.28.5' ],
167 silly audit   '@babel/core': [ '7.28.5' ],
167 silly audit   '@babel/generator': [ '7.28.5' ],
167 silly audit   '@babel/helper-compilation-targets': [ '7.27.2' ],
167 silly audit   '@babel/helper-globals': [ '7.28.0' ],
167 silly audit   '@babel/helper-module-imports': [ '7.27.1' ],
167 silly audit   '@babel/helper-module-transforms': [ '7.28.3' ],
167 silly audit   '@babel/helper-string-parser': [ '7.27.1' ],
167 silly audit   '@babel/helper-validator-identifier': [ '7.28.5' ],
167 silly audit   '@babel/helper-validator-option': [ '7.27.1' ],
167 silly audit   '@babel/helpers': [ '7.28.4' ],
167 silly audit   '@babel/parser': [ '7.28.5' ],
167 silly audit   '@babel/template': [ '7.27.2' ],
167 silly audit   '@babel/traverse': [ '7.28.5' ],
167 silly audit   '@babel/types': [ '7.28.5' ],
167 silly audit   '@emnapi/core': [ '1.7.1' ],
167 silly audit   '@emnapi/runtime': [ '1.7.1' ],
167 silly audit   '@emnapi/wasi-threads': [ '1.1.0' ],
167 silly audit   '@eslint-community/eslint-utils': [ '4.9.0' ],
167 silly audit   'eslint-visitor-keys': [ '3.4.3', '4.2.1' ],
167 silly audit   '@eslint-community/regexpp': [ '4.12.2' ],
167 silly audit   '@eslint/config-array': [ '0.21.1' ],
167 silly audit   '@eslint/config-helpers': [ '0.4.2' ],
167 silly audit   '@eslint/core': [ '0.17.0' ],
167 silly audit   '@eslint/eslintrc': [ '3.3.3' ],
167 silly audit   '@eslint/js': [ '9.39.1' ],
167 silly audit   '@eslint/object-schema': [ '2.1.7' ],
167 silly audit   '@eslint/plugin-kit': [ '0.4.1' ],
167 silly audit   '@humanfs/core': [ '0.19.1' ],
167 silly audit   '@humanfs/node': [ '0.16.7' ],
167 silly audit   '@humanwhocodes/module-importer': [ '1.0.1' ],
167 silly audit   '@humanwhocodes/retry': [ '0.4.3' ],
167 silly audit   '@img/colour': [ '1.0.0' ],
167 silly audit   '@img/sharp-darwin-arm64': [ '0.34.5' ],
167 silly audit   '@img/sharp-darwin-x64': [ '0.34.5' ],
167 silly audit   '@img/sharp-libvips-darwin-arm64': [ '1.2.4' ],
167 silly audit   '@img/sharp-libvips-darwin-x64': [ '1.2.4' ],
167 silly audit   '@img/sharp-libvips-linux-arm': [ '1.2.4' ],
167 silly audit   '@img/sharp-libvips-linux-arm64': [ '1.2.4' ],
167 silly audit   '@img/sharp-libvips-linux-ppc64': [ '1.2.4' ],
167 silly audit   '@img/sharp-libvips-linux-riscv64': [ '1.2.4' ],
167 silly audit   '@img/sharp-libvips-linux-s390x': [ '1.2.4' ],
167 silly audit   '@img/sharp-libvips-linux-x64': [ '1.2.4' ],
167 silly audit   '@img/sharp-libvips-linuxmusl-arm64': [ '1.2.4' ],
167 silly audit   '@img/sharp-libvips-linuxmusl-x64': [ '1.2.4' ],
167 silly audit   '@img/sharp-linux-arm': [ '0.34.5' ],
167 silly audit   '@img/sharp-linux-arm64': [ '0.34.5' ],
167 silly audit   '@img/sharp-linux-ppc64': [ '0.34.5' ],
167 silly audit   '@img/sharp-linux-riscv64': [ '0.34.5' ],
167 silly audit   '@img/sharp-linux-s390x': [ '0.34.5' ],
167 silly audit   '@img/sharp-linux-x64': [ '0.34.5' ],
167 silly audit   '@img/sharp-linuxmusl-arm64': [ '0.34.5' ],
167 silly audit   '@img/sharp-linuxmusl-x64': [ '0.34.5' ],
167 silly audit   '@img/sharp-wasm32': [ '0.34.5' ],
167 silly audit   '@img/sharp-win32-arm64': [ '0.34.5' ],
167 silly audit   '@img/sharp-win32-ia32': [ '0.34.5' ],
167 silly audit   '@img/sharp-win32-x64': [ '0.34.5' ],
167 silly audit   '@jridgewell/gen-mapping': [ '0.3.13' ],
167 silly audit   '@jridgewell/remapping': [ '2.3.5' ],
167 silly audit   '@jridgewell/resolve-uri': [ '3.1.2' ],
167 silly audit   '@jridgewell/sourcemap-codec': [ '1.5.5' ],
167 silly audit   '@jridgewell/trace-mapping': [ '0.3.31' ],
167 silly audit   '@napi-rs/wasm-runtime': [ '0.2.12' ],
167 silly audit   '@next/env': [ '16.0.10' ],
167 silly audit   '@next/eslint-plugin-next': [ '16.0.10' ],
167 silly audit   '@next/swc-darwin-arm64': [ '16.0.10' ],
167 silly audit   '@next/swc-darwin-x64': [ '16.0.10' ],
167 silly audit   '@next/swc-linux-arm64-gnu': [ '16.0.10' ],
167 silly audit   '@next/swc-linux-arm64-musl': [ '16.0.10' ],
167 silly audit   '@next/swc-linux-x64-gnu': [ '16.0.10' ],
167 silly audit   '@next/swc-linux-x64-musl': [ '16.0.10' ],
167 silly audit   '@next/swc-win32-arm64-msvc': [ '16.0.10' ],
167 silly audit   '@next/swc-win32-x64-msvc': [ '16.0.10' ],
167 silly audit   '@nodelib/fs.scandir': [ '2.1.5' ],
167 silly audit   '@nodelib/fs.stat': [ '2.0.5' ],
167 silly audit   '@nodelib/fs.walk': [ '1.2.8' ],
167 silly audit   '@nolyfill/is-core-module': [ '1.0.39' ],
167 silly audit   '@rtsao/scc': [ '1.1.0' ],
167 silly audit   '@swc/helpers': [ '0.5.15' ],
167 silly audit   '@tailwindcss/node': [ '4.1.18' ],
167 silly audit   '@tailwindcss/oxide': [ '4.1.18' ],
167 silly audit   '@tailwindcss/oxide-android-arm64': [ '4.1.18' ],
167 silly audit   '@tailwindcss/oxide-darwin-arm64': [ '4.1.18' ],
167 silly audit   '@tailwindcss/oxide-darwin-x64': [ '4.1.18' ],
167 silly audit   '@tailwindcss/oxide-freebsd-x64': [ '4.1.18' ],
167 silly audit   '@tailwindcss/oxide-linux-arm-gnueabihf': [ '4.1.18' ],
167 silly audit   '@tailwindcss/oxide-linux-arm64-gnu': [ '4.1.18' ],
167 silly audit   '@tailwindcss/oxide-linux-arm64-musl': [ '4.1.18' ],
167 silly audit   '@tailwindcss/oxide-linux-x64-gnu': [ '4.1.18' ],
167 silly audit   '@tailwindcss/oxide-linux-x64-musl': [ '4.1.18' ],
167 silly audit   '@tailwindcss/oxide-win32-arm64-msvc': [ '4.1.18' ],
167 silly audit   '@tailwindcss/oxide-win32-x64-msvc': [ '4.1.18' ],
167 silly audit   '@tailwindcss/postcss': [ '4.1.18' ],
167 silly audit   '@tybys/wasm-util': [ '0.10.1' ],
167 silly audit   '@types/estree': [ '1.0.8' ],
167 silly audit   '@types/json-schema': [ '7.0.15' ],
167 silly audit   '@types/json5': [ '0.0.29' ],
167 silly audit   '@types/node': [ '20.19.26' ],
167 silly audit   '@types/react': [ '19.2.7' ],
167 silly audit   '@types/react-dom': [ '19.2.3' ],
167 silly audit   '@typescript-eslint/eslint-plugin': [ '8.49.0' ],
167 silly audit   ignore: [ '7.0.5', '5.3.2' ],
167 silly audit   '@typescript-eslint/parser': [ '8.49.0' ],
167 silly audit   '@typescript-eslint/project-service': [ '8.49.0' ],
167 silly audit   '@typescript-eslint/scope-manager': [ '8.49.0' ],
167 silly audit   '@typescript-eslint/tsconfig-utils': [ '8.49.0' ],
167 silly audit   '@typescript-eslint/type-utils': [ '8.49.0' ],
167 silly audit   '@typescript-eslint/types': [ '8.49.0' ],
167 silly audit   '@typescript-eslint/typescript-estree': [ '8.49.0' ],
167 silly audit   'brace-expansion': [ '2.0.2', '1.1.12' ],
167 silly audit   minimatch: [ '9.0.5', '3.1.2' ],
167 silly audit   semver: [ '7.7.3', '6.3.1' ],
167 silly audit   '@typescript-eslint/utils': [ '8.49.0' ],
167 silly audit   '@typescript-eslint/visitor-keys': [ '8.49.0' ],
167 silly audit   '@unrs/resolver-binding-android-arm-eabi': [ '1.11.1' ],
167 silly audit   '@unrs/resolver-binding-android-arm64': [ '1.11.1' ],
167 silly audit   '@unrs/resolver-binding-darwin-arm64': [ '1.11.1' ],
167 silly audit   '@unrs/resolver-binding-darwin-x64': [ '1.11.1' ],
167 silly audit   '@unrs/resolver-binding-freebsd-x64': [ '1.11.1' ],
167 silly audit   '@unrs/resolver-binding-linux-arm-gnueabihf': [ '1.11.1' ],
167 silly audit   '@unrs/resolver-binding-linux-arm-musleabihf': [ '1.11.1' ],
167 silly audit   '@unrs/resolver-binding-linux-arm64-gnu': [ '1.11.1' ],
167 silly audit   '@unrs/resolver-binding-linux-arm64-musl': [ '1.11.1' ],
167 silly audit   '@unrs/resolver-binding-linux-ppc64-gnu': [ '1.11.1' ],
167 silly audit   '@unrs/resolver-binding-linux-riscv64-gnu': [ '1.11.1' ],
167 silly audit   '@unrs/resolver-binding-linux-riscv64-musl': [ '1.11.1' ],
167 silly audit   '@unrs/resolver-binding-linux-s390x-gnu': [ '1.11.1' ],
167 silly audit   '@unrs/resolver-binding-linux-x64-gnu': [ '1.11.1' ],
167 silly audit   '@unrs/resolver-binding-linux-x64-musl': [ '1.11.1' ],
167 silly audit   '@unrs/resolver-binding-wasm32-wasi': [ '1.11.1' ],
167 silly audit   '@unrs/resolver-binding-win32-arm64-msvc': [ '1.11.1' ],
167 silly audit   '@unrs/resolver-binding-win32-ia32-msvc': [ '1.11.1' ],
167 silly audit   '@unrs/resolver-binding-win32-x64-msvc': [ '1.11.1' ],
167 silly audit   acorn: [ '8.15.0' ],
167 silly audit   'acorn-jsx': [ '5.3.2' ],
167 silly audit   ajv: [ '6.12.6' ],
167 silly audit   'ansi-styles': [ '4.3.0' ],
167 silly audit   argparse: [ '2.0.1' ],
167 silly audit   'aria-query': [ '5.3.2' ],
167 silly audit   'array-buffer-byte-length': [ '1.0.2' ],
167 silly audit   'array-includes': [ '3.1.9' ],
167 silly audit   'array.prototype.findlast': [ '1.2.5' ],
167 silly audit   'array.prototype.findlastindex': [ '1.2.6' ],
167 silly audit   'array.prototype.flat': [ '1.3.3' ],
167 silly audit   'array.prototype.flatmap': [ '1.3.3' ],
167 silly audit   'array.prototype.tosorted': [ '1.1.4' ],
167 silly audit   'arraybuffer.prototype.slice': [ '1.0.4' ],
167 silly audit   'ast-types-flow': [ '0.0.8' ],
167 silly audit   'async-function': [ '1.0.0' ],
167 silly audit   autoprefixer: [ '10.4.22' ],
167 silly audit   'available-typed-arrays': [ '1.0.7' ],
167 silly audit   'axe-core': [ '4.11.0' ],
167 silly audit   'axobject-query': [ '4.1.0' ],
167 silly audit   'balanced-match': [ '1.0.2' ],
167 silly audit   'baseline-browser-mapping': [ '2.9.7' ],
167 silly audit   braces: [ '3.0.3' ],
167 silly audit   browserslist: [ '4.28.1' ],
167 silly audit   'call-bind': [ '1.0.8' ],
167 silly audit   'call-bind-apply-helpers': [ '1.0.2' ],
167 silly audit   'call-bound': [ '1.0.4' ],
167 silly audit   callsites: [ '3.1.0' ],
167 silly audit   'caniuse-lite': [ '1.0.30001760' ],
167 silly audit   chalk: [ '4.1.2' ],
167 silly audit   'class-variance-authority': [ '0.7.1' ],
167 silly audit   'client-only': [ '0.0.1' ],
167 silly audit   clsx: [ '2.1.1' ],
167 silly audit   'color-convert': [ '2.0.1' ],
167 silly audit   'color-name': [ '1.1.4' ],
167 silly audit   'concat-map': [ '0.0.1' ],
167 silly audit   'convert-source-map': [ '2.0.0' ],
167 silly audit   'cross-spawn': [ '7.0.6' ],
167 silly audit   csstype: [ '3.2.3' ],
167 silly audit   'damerau-levenshtein': [ '1.0.8' ],
167 silly audit   'data-view-buffer': [ '1.0.2' ],
167 silly audit   'data-view-byte-length': [ '1.0.2' ],
167 silly audit   'data-view-byte-offset': [ '1.0.1' ],
167 silly audit   debug: [ '4.4.3', '3.2.7' ],
167 silly audit   'deep-is': [ '0.1.4' ],
167 silly audit   'define-data-property': [ '1.1.4' ],
167 silly audit   'define-properties': [ '1.2.1' ],
167 silly audit   'detect-libc': [ '2.1.2' ],
167 silly audit   doctrine: [ '2.1.0' ],
167 silly audit   'dunder-proto': [ '1.0.1' ],
167 silly audit   'electron-to-chromium': [ '1.5.267' ],
167 silly audit   'emoji-regex': [ '9.2.2' ],
167 silly audit   'enhanced-resolve': [ '5.18.4' ],
167 silly audit   'es-abstract': [ '1.24.0' ],
167 silly audit   'es-define-property': [ '1.0.1' ],
167 silly audit   'es-errors': [ '1.3.0' ],
167 silly audit   'es-iterator-helpers': [ '1.2.1' ],
167 silly audit   'es-object-atoms': [ '1.1.1' ],
167 silly audit   'es-set-tostringtag': [ '2.1.0' ],
167 silly audit   'es-shim-unscopables': [ '1.1.0' ],
167 silly audit   'es-to-primitive': [ '1.3.0' ],
167 silly audit   escalade: [ '3.2.0' ],
167 silly audit   'escape-string-regexp': [ '4.0.0' ],
167 silly audit   eslint: [ '9.39.1' ],
167 silly audit   'eslint-config-next': [ '16.0.10' ],
167 silly audit   globals: [ '16.4.0', '14.0.0' ],
167 silly audit   'eslint-import-resolver-node': [ '0.3.9' ],
167 silly audit   'eslint-import-resolver-typescript': [ '3.10.1' ],
167 silly audit   'eslint-module-utils': [ '2.12.1' ],
167 silly audit   'eslint-plugin-import': [ '2.32.0' ],
167 silly audit   'eslint-plugin-jsx-a11y': [ '6.10.2' ],
167 silly audit   'eslint-plugin-react': [ '7.37.5' ],
167 silly audit   'eslint-plugin-react-hooks': [ '7.0.1' ],
167 silly audit   resolve: [ '2.0.0-next.5', '1.22.11' ],
167 silly audit   'eslint-scope': [ '8.4.0' ],
167 silly audit   espree: [ '10.4.0' ],
167 silly audit   esquery: [ '1.6.0' ],
167 silly audit   esrecurse: [ '4.3.0' ],
167 silly audit   estraverse: [ '5.3.0' ],
167 silly audit   esutils: [ '2.0.3' ],
167 silly audit   'fast-deep-equal': [ '3.1.3' ],
167 silly audit   'fast-glob': [ '3.3.1' ],
167 silly audit   'glob-parent': [ '5.1.2', '6.0.2' ],
167 silly audit   'fast-json-stable-stringify': [ '2.1.0' ],
167 silly audit   'fast-levenshtein': [ '2.0.6' ],
167 silly audit   fastq: [ '1.19.1' ],
167 silly audit   'file-entry-cache': [ '8.0.0' ],
167 silly audit   'fill-range': [ '7.1.1' ],
167 silly audit   'find-up': [ '5.0.0' ],
167 silly audit   'flat-cache': [ '4.0.1' ],
167 silly audit   flatted: [ '3.3.3' ],
167 silly audit   'for-each': [ '0.3.5' ],
167 silly audit   'fraction.js': [ '5.3.4' ],
167 silly audit   'function-bind': [ '1.1.2' ],
167 silly audit   'function.prototype.name': [ '1.1.8' ],
167 silly audit   'functions-have-names': [ '1.2.3' ],
167 silly audit   'generator-function': [ '2.0.1' ],
167 silly audit   gensync: [ '1.0.0-beta.2' ],
167 silly audit   'get-intrinsic': [ '1.3.0' ],
167 silly audit   'get-proto': [ '1.0.1' ],
167 silly audit   'get-symbol-description': [ '1.1.0' ],
167 silly audit   'get-tsconfig': [ '4.13.0' ],
167 silly audit   globalthis: [ '1.0.4' ],
167 silly audit   gopd: [ '1.2.0' ],
167 silly audit   'graceful-fs': [ '4.2.11' ],
167 silly audit   'has-bigints': [ '1.1.0' ],
167 silly audit   'has-flag': [ '4.0.0' ],
167 silly audit   'has-property-descriptors': [ '1.0.2' ],
167 silly audit   'has-proto': [ '1.2.0' ],
167 silly audit   'has-symbols': [ '1.1.0' ],
167 silly audit   'has-tostringtag': [ '1.0.2' ],
167 silly audit   hasown: [ '2.0.2' ],
167 silly audit   'hermes-estree': [ '0.25.1' ],
167 silly audit   'hermes-parser': [ '0.25.1' ],
167 silly audit   'import-fresh': [ '3.3.1' ],
167 silly audit   imurmurhash: [ '0.1.4' ],
167 silly audit   'internal-slot': [ '1.1.0' ],
167 silly audit   'is-array-buffer': [ '3.0.5' ],
167 silly audit   'is-async-function': [ '2.1.1' ],
167 silly audit   'is-bigint': [ '1.1.0' ],
167 silly audit   'is-boolean-object': [ '1.2.2' ],
167 silly audit   'is-bun-module': [ '2.0.0' ],
167 silly audit   'is-callable': [ '1.2.7' ],
167 silly audit   'is-core-module': [ '2.16.1' ],
167 silly audit   'is-data-view': [ '1.0.2' ],
167 silly audit   'is-date-object': [ '1.1.0' ],
167 silly audit   'is-extglob': [ '2.1.1' ],
167 silly audit   'is-finalizationregistry': [ '1.1.1' ],
167 silly audit   'is-generator-function': [ '1.1.2' ],
167 silly audit   'is-glob': [ '4.0.3' ],
167 silly audit   'is-map': [ '2.0.3' ],
167 silly audit   'is-negative-zero': [ '2.0.3' ],
167 silly audit   'is-number': [ '7.0.0' ],
167 silly audit   'is-number-object': [ '1.1.1' ],
167 silly audit   'is-regex': [ '1.2.1' ],
167 silly audit   'is-set': [ '2.0.3' ],
167 silly audit   'is-shared-array-buffer': [ '1.0.4' ],
167 silly audit   'is-string': [ '1.1.1' ],
167 silly audit   'is-symbol': [ '1.1.1' ],
167 silly audit   'is-typed-array': [ '1.1.15' ],
167 silly audit   'is-weakmap': [ '2.0.2' ],
167 silly audit   'is-weakref': [ '1.1.1' ],
167 silly audit   'is-weakset': [ '2.0.4' ],
167 silly audit   isarray: [ '2.0.5' ],
167 silly audit   isexe: [ '2.0.0' ],
167 silly audit   'iterator.prototype': [ '1.1.5' ],
167 silly audit   jiti: [ '2.6.1' ],
167 silly audit   'js-tokens': [ '4.0.0' ],
167 silly audit   'js-yaml': [ '4.1.1' ],
167 silly audit   jsesc: [ '3.1.0' ],
167 silly audit   'json-buffer': [ '3.0.1' ],
167 silly audit   'json-schema-traverse': [ '0.4.1' ],
167 silly audit   'json-stable-stringify-without-jsonify': [ '1.0.1' ],
167 silly audit   json5: [ '2.2.3', '1.0.2' ],
167 silly audit   'jsx-ast-utils': [ '3.3.5' ],
167 silly audit   keyv: [ '4.5.4' ],
167 silly audit   'language-subtag-registry': [ '0.3.23' ],
167 silly audit   'language-tags': [ '1.0.9' ],
167 silly audit   levn: [ '0.4.1' ],
167 silly audit   lightningcss: [ '1.30.2' ],
167 silly audit   'lightningcss-android-arm64': [ '1.30.2' ],
167 silly audit   'lightningcss-darwin-arm64': [ '1.30.2' ],
167 silly audit   'lightningcss-darwin-x64': [ '1.30.2' ],
167 silly audit   'lightningcss-freebsd-x64': [ '1.30.2' ],
167 silly audit   'lightningcss-linux-arm-gnueabihf': [ '1.30.2' ],
167 silly audit   'lightningcss-linux-arm64-gnu': [ '1.30.2' ],
167 silly audit   'lightningcss-linux-arm64-musl': [ '1.30.2' ],
167 silly audit   'lightningcss-linux-x64-gnu': [ '1.30.2' ],
167 silly audit   'lightningcss-linux-x64-musl': [ '1.30.2' ],
167 silly audit   'lightningcss-win32-arm64-msvc': [ '1.30.2' ],
167 silly audit   'lightningcss-win32-x64-msvc': [ '1.30.2' ],
167 silly audit   'locate-path': [ '6.0.0' ],
167 silly audit   'lodash.merge': [ '4.6.2' ],
167 silly audit   'loose-envify': [ '1.4.0' ],
167 silly audit   'lru-cache': [ '5.1.1' ],
167 silly audit   'lucide-react': [ '0.561.0' ],
167 silly audit   'magic-string': [ '0.30.21' ],
167 silly audit   'math-intrinsics': [ '1.1.0' ],
167 silly audit   merge2: [ '1.4.1' ],
167 silly audit   micromatch: [ '4.0.8' ],
167 silly audit   minimist: [ '1.2.8' ],
167 silly audit   ms: [ '2.1.3' ],
167 silly audit   nanoid: [ '3.3.11' ],
167 silly audit   'napi-postinstall': [ '0.3.4' ],
167 silly audit   'natural-compare': [ '1.4.0' ],
167 silly audit   next: [ '16.0.10' ],
167 silly audit   postcss: [ '8.4.31', '8.5.6' ],
167 silly audit   'node-releases': [ '2.0.27' ],
167 silly audit   'normalize-range': [ '0.1.2' ],
167 silly audit   'object-assign': [ '4.1.1' ],
167 silly audit   'object-inspect': [ '1.13.4' ],
167 silly audit   'object-keys': [ '1.1.1' ],
167 silly audit   'object.assign': [ '4.1.7' ],
167 silly audit   'object.entries': [ '1.1.9' ],
167 silly audit   'object.fromentries': [ '2.0.8' ],
167 silly audit   'object.groupby': [ '1.0.3' ],
167 silly audit   'object.values': [ '1.2.1' ],
167 silly audit   optionator: [ '0.9.4' ],
167 silly audit   'own-keys': [ '1.0.1' ],
167 silly audit   'p-limit': [ '3.1.0' ],
167 silly audit   'p-locate': [ '5.0.0' ],
167 silly audit   'parent-module': [ '1.0.1' ],
167 silly audit   'path-exists': [ '4.0.0' ],
167 silly audit   'path-key': [ '3.1.1' ],
167 silly audit   'path-parse': [ '1.0.7' ],
167 silly audit   picocolors: [ '1.1.1' ],
167 silly audit   picomatch: [ '2.3.1', '4.0.3' ],
167 silly audit   'possible-typed-array-names': [ '1.1.0' ],
167 silly audit   'postcss-value-parser': [ '4.2.0' ],
167 silly audit   'prelude-ls': [ '1.2.1' ],
167 silly audit   'prop-types': [ '15.8.1' ],
167 silly audit   punycode: [ '2.3.1' ],
167 silly audit   'queue-microtask': [ '1.2.3' ],
167 silly audit   react: [ '19.2.1' ],
167 silly audit   'react-dom': [ '19.2.1' ],
167 silly audit   'react-is': [ '16.13.1' ],
167 silly audit   'reflect.getprototypeof': [ '1.0.10' ],
167 silly audit   'regexp.prototype.flags': [ '1.5.4' ],
167 silly audit   'resolve-from': [ '4.0.0' ],
167 silly audit   'resolve-pkg-maps': [ '1.0.0' ],
167 silly audit   reusify: [ '1.1.0' ],
167 silly audit   'run-parallel': [ '1.2.0' ],
167 silly audit   'safe-array-concat': [ '1.1.3' ],
167 silly audit   'safe-push-apply': [ '1.0.0' ],
167 silly audit   'safe-regex-test': [ '1.1.0' ],
167 silly audit   scheduler: [ '0.27.0' ],
167 silly audit   'set-function-length': [ '1.2.2' ],
167 silly audit   'set-function-name': [ '2.0.2' ],
167 silly audit   'set-proto': [ '1.0.0' ],
167 silly audit   sharp: [ '0.34.5' ],
167 silly audit   'shebang-command': [ '2.0.0' ],
167 silly audit   'shebang-regex': [ '3.0.0' ],
167 silly audit   'side-channel': [ '1.1.0' ],
167 silly audit   'side-channel-list': [ '1.0.0' ],
167 silly audit   'side-channel-map': [ '1.0.1' ],
167 silly audit   'side-channel-weakmap': [ '1.0.2' ],
167 silly audit   'source-map-js': [ '1.2.1' ],
167 silly audit   'stable-hash': [ '0.0.5' ],
167 silly audit   'stop-iteration-iterator': [ '1.1.0' ],
167 silly audit   'string.prototype.includes': [ '2.0.1' ],
167 silly audit   'string.prototype.matchall': [ '4.0.12' ],
167 silly audit   'string.prototype.repeat': [ '1.0.0' ],
167 silly audit   'string.prototype.trim': [ '1.2.10' ],
167 silly audit   'string.prototype.trimend': [ '1.0.9' ],
167 silly audit   'string.prototype.trimstart': [ '1.0.8' ],
167 silly audit   'strip-bom': [ '3.0.0' ],
167 silly audit   'strip-json-comments': [ '3.1.1' ],
167 silly audit   'styled-jsx': [ '5.1.6' ],
167 silly audit   'supports-color': [ '7.2.0' ],
167 silly audit   'supports-preserve-symlinks-flag': [ '1.0.0' ],
167 silly audit   'tailwind-merge': [ '3.4.0' ],
167 silly audit   tailwindcss: [ '4.1.18' ],
167 silly audit   'tailwindcss-animate': [ '1.0.7' ],
167 silly audit   tapable: [ '2.3.0' ],
167 silly audit   tinyglobby: [ '0.2.15' ],
167 silly audit   fdir: [ '6.5.0' ],
167 silly audit   'to-regex-range': [ '5.0.1' ],
167 silly audit   'ts-api-utils': [ '2.1.0' ],
167 silly audit   'tsconfig-paths': [ '3.15.0' ],
167 silly audit   tslib: [ '2.8.1' ],
167 silly audit   'type-check': [ '0.4.0' ],
167 silly audit   'typed-array-buffer': [ '1.0.3' ],
167 silly audit   'typed-array-byte-length': [ '1.0.3' ],
167 silly audit   'typed-array-byte-offset': [ '1.0.4' ],
167 silly audit   'typed-array-length': [ '1.0.7' ],
167 silly audit   typescript: [ '5.9.3' ],
167 silly audit   'typescript-eslint': [ '8.49.0' ],
167 silly audit   'unbox-primitive': [ '1.1.0' ],
167 silly audit   'undici-types': [ '6.21.0' ],
167 silly audit   'unrs-resolver': [ '1.11.1' ],
167 silly audit   'update-browserslist-db': [ '1.2.2' ],
167 silly audit   'uri-js': [ '4.4.1' ],
167 silly audit   which: [ '2.0.2' ],
167 silly audit   'which-boxed-primitive': [ '1.1.1' ],
167 silly audit   'which-builtin-type': [ '1.2.1' ],
167 silly audit   'which-collection': [ '1.0.2' ],
167 silly audit   'which-typed-array': [ '1.1.19' ],
167 silly audit   'word-wrap': [ '1.2.5' ],
167 silly audit   yallist: [ '3.1.1' ],
167 silly audit   'yocto-queue': [ '0.1.0' ],
167 silly audit   zod: [ '4.1.13' ],
167 silly audit   'zod-validation-error': [ '4.0.2' ],
167 silly audit   '@radix-ui/react-dialog': [ '1.1.15' ],
167 silly audit   '@radix-ui/primitive': [ '1.1.3' ],
167 silly audit   '@radix-ui/react-compose-refs': [ '1.1.2' ],
167 silly audit   '@radix-ui/react-context': [ '1.1.2' ],
167 silly audit   '@radix-ui/react-dismissable-layer': [ '1.1.11' ],
167 silly audit   '@radix-ui/react-focus-guards': [ '1.1.3' ],
167 silly audit   '@radix-ui/react-focus-scope': [ '1.1.7' ],
167 silly audit   '@radix-ui/react-id': [ '1.1.1' ],
167 silly audit   '@radix-ui/react-portal': [ '1.1.9' ],
167 silly audit   '@radix-ui/react-presence': [ '1.1.5' ],
167 silly audit   '@radix-ui/react-primitive': [ '2.1.3' ],
167 silly audit   '@radix-ui/react-slot': [ '1.2.3' ],
167 silly audit   '@radix-ui/react-use-controllable-state': [ '1.2.2' ],
167 silly audit   'aria-hidden': [ '1.2.6' ],
167 silly audit   'react-remove-scroll': [ '2.7.2' ],
167 silly audit   '@radix-ui/react-use-callback-ref': [ '1.1.1' ],
167 silly audit   '@radix-ui/react-use-escape-keydown': [ '1.1.1' ],
167 silly audit   '@radix-ui/react-use-layout-effect': [ '1.1.1' ],
167 silly audit   '@radix-ui/react-use-effect-event': [ '0.0.2' ],
167 silly audit   'react-remove-scroll-bar': [ '2.3.8' ],
167 silly audit   'react-style-singleton': [ '2.2.3' ],
167 silly audit   'use-callback-ref': [ '1.3.3' ],
167 silly audit   'use-sidecar': [ '1.1.3' ],
167 silly audit   'get-nonce': [ '1.0.1' ],
167 silly audit   'detect-node-es': [ '1.1.0' ],
167 silly audit   '@tailwindcss/oxide-wasm32-wasi': [ '4.1.18' ]
167 silly audit }
168 verbose reify failed optional dependency /Users/nazrinaliyeva/Desktop/music-room/node_modules/lightningcss-win32-x64-msvc
169 silly reify mark deleted [
169 silly reify   '/Users/nazrinaliyeva/Desktop/music-room/node_modules/lightningcss-win32-x64-msvc'
169 silly reify ]
170 verbose reify failed optional dependency /Users/nazrinaliyeva/Desktop/music-room/node_modules/lightningcss-win32-arm64-msvc
171 silly reify mark deleted [
171 silly reify   '/Users/nazrinaliyeva/Desktop/music-room/node_modules/lightningcss-win32-arm64-msvc'
171 silly reify ]
172 verbose reify failed optional dependency /Users/nazrinaliyeva/Desktop/music-room/node_modules/lightningcss-linux-x64-musl
173 silly reify mark deleted [
173 silly reify   '/Users/nazrinaliyeva/Desktop/music-room/node_modules/lightningcss-linux-x64-musl'
173 silly reify ]
174 verbose reify failed optional dependency /Users/nazrinaliyeva/Desktop/music-room/node_modules/lightningcss-linux-x64-gnu
175 silly reify mark deleted [
175 silly reify   '/Users/nazrinaliyeva/Desktop/music-room/node_modules/lightningcss-linux-x64-gnu'
175 silly reify ]
176 verbose reify failed optional dependency /Users/nazrinaliyeva/Desktop/music-room/node_modules/lightningcss-linux-arm64-musl
177 silly reify mark deleted [
177 silly reify   '/Users/nazrinaliyeva/Desktop/music-room/node_modules/lightningcss-linux-arm64-musl'
177 silly reify ]
178 verbose reify failed optional dependency /Users/nazrinaliyeva/Desktop/music-room/node_modules/lightningcss-linux-arm64-gnu
179 silly reify mark deleted [
179 silly reify   '/Users/nazrinaliyeva/Desktop/music-room/node_modules/lightningcss-linux-arm64-gnu'
179 silly reify ]
180 verbose reify failed optional dependency /Users/nazrinaliyeva/Desktop/music-room/node_modules/lightningcss-linux-arm-gnueabihf
181 silly reify mark deleted [
181 silly reify   '/Users/nazrinaliyeva/Desktop/music-room/node_modules/lightningcss-linux-arm-gnueabihf'
181 silly reify ]
182 verbose reify failed optional dependency /Users/nazrinaliyeva/Desktop/music-room/node_modules/lightningcss-freebsd-x64
183 silly reify mark deleted [
183 silly reify   '/Users/nazrinaliyeva/Desktop/music-room/node_modules/lightningcss-freebsd-x64'
183 silly reify ]
184 verbose reify failed optional dependency /Users/nazrinaliyeva/Desktop/music-room/node_modules/lightningcss-darwin-x64
185 silly reify mark deleted [
185 silly reify   '/Users/nazrinaliyeva/Desktop/music-room/node_modules/lightningcss-darwin-x64'
185 silly reify ]
186 verbose reify failed optional dependency /Users/nazrinaliyeva/Desktop/music-room/node_modules/lightningcss-android-arm64
187 silly reify mark deleted [
187 silly reify   '/Users/nazrinaliyeva/Desktop/music-room/node_modules/lightningcss-android-arm64'
187 silly reify ]
188 verbose reify failed optional dependency /Users/nazrinaliyeva/Desktop/music-room/node_modules/@unrs/resolver-binding-win32-x64-msvc
189 silly reify mark deleted [
189 silly reify   '/Users/nazrinaliyeva/Desktop/music-room/node_modules/@unrs/resolver-binding-win32-x64-msvc'
189 silly reify ]
190 verbose reify failed optional dependency /Users/nazrinaliyeva/Desktop/music-room/node_modules/@unrs/resolver-binding-win32-ia32-msvc
191 silly reify mark deleted [
191 silly reify   '/Users/nazrinaliyeva/Desktop/music-room/node_modules/@unrs/resolver-binding-win32-ia32-msvc'
191 silly reify ]
192 verbose reify failed optional dependency /Users/nazrinaliyeva/Desktop/music-room/node_modules/@unrs/resolver-binding-win32-arm64-msvc
193 silly reify mark deleted [
193 silly reify   '/Users/nazrinaliyeva/Desktop/music-room/node_modules/@unrs/resolver-binding-win32-arm64-msvc'
193 silly reify ]
194 verbose reify failed optional dependency /Users/nazrinaliyeva/Desktop/music-room/node_modules/@unrs/resolver-binding-wasm32-wasi
195 silly reify mark deleted [
195 silly reify   '/Users/nazrinaliyeva/Desktop/music-room/node_modules/@unrs/resolver-binding-wasm32-wasi'
195 silly reify ]
196 verbose reify failed optional dependency /Users/nazrinaliyeva/Desktop/music-room/node_modules/@unrs/resolver-binding-linux-x64-musl
197 silly reify mark deleted [
197 silly reify   '/Users/nazrinaliyeva/Desktop/music-room/node_modules/@unrs/resolver-binding-linux-x64-musl'
197 silly reify ]
198 verbose reify failed optional dependency /Users/nazrinaliyeva/Desktop/music-room/node_modules/@unrs/resolver-binding-linux-x64-gnu
199 silly reify mark deleted [
199 silly reify   '/Users/nazrinaliyeva/Desktop/music-room/node_modules/@unrs/resolver-binding-linux-x64-gnu'
199 silly reify ]
200 verbose reify failed optional dependency /Users/nazrinaliyeva/Desktop/music-room/node_modules/@unrs/resolver-binding-linux-s390x-gnu
201 silly reify mark deleted [
201 silly reify   '/Users/nazrinaliyeva/Desktop/music-room/node_modules/@unrs/resolver-binding-linux-s390x-gnu'
201 silly reify ]
202 verbose reify failed optional dependency /Users/nazrinaliyeva/Desktop/music-room/node_modules/@unrs/resolver-binding-linux-riscv64-musl
203 silly reify mark deleted [
203 silly reify   '/Users/nazrinaliyeva/Desktop/music-room/node_modules/@unrs/resolver-binding-linux-riscv64-musl'
203 silly reify ]
204 verbose reify failed optional dependency /Users/nazrinaliyeva/Desktop/music-room/node_modules/@unrs/resolver-binding-linux-riscv64-gnu
205 silly reify mark deleted [
205 silly reify   '/Users/nazrinaliyeva/Desktop/music-room/node_modules/@unrs/resolver-binding-linux-riscv64-gnu'
205 silly reify ]
206 verbose reify failed optional dependency /Users/nazrinaliyeva/Desktop/music-room/node_modules/@unrs/resolver-binding-linux-ppc64-gnu
207 silly reify mark deleted [
207 silly reify   '/Users/nazrinaliyeva/Desktop/music-room/node_modules/@unrs/resolver-binding-linux-ppc64-gnu'
207 silly reify ]
208 verbose reify failed optional dependency /Users/nazrinaliyeva/Desktop/music-room/node_modules/@unrs/resolver-binding-linux-arm64-musl
209 silly reify mark deleted [
209 silly reify   '/Users/nazrinaliyeva/Desktop/music-room/node_modules/@unrs/resolver-binding-linux-arm64-musl'
209 silly reify ]
210 verbose reify failed optional dependency /Users/nazrinaliyeva/Desktop/music-room/node_modules/@unrs/resolver-binding-linux-arm64-gnu
211 silly reify mark deleted [
211 silly reify   '/Users/nazrinaliyeva/Desktop/music-room/node_modules/@unrs/resolver-binding-linux-arm64-gnu'
211 silly reify ]
212 verbose reify failed optional dependency /Users/nazrinaliyeva/Desktop/music-room/node_modules/@unrs/resolver-binding-linux-arm-musleabihf
213 silly reify mark deleted [
213 silly reify   '/Users/nazrinaliyeva/Desktop/music-room/node_modules/@unrs/resolver-binding-linux-arm-musleabihf'
213 silly reify ]
214 verbose reify failed optional dependency /Users/nazrinaliyeva/Desktop/music-room/node_modules/@unrs/resolver-binding-linux-arm-gnueabihf
215 silly reify mark deleted [
215 silly reify   '/Users/nazrinaliyeva/Desktop/music-room/node_modules/@unrs/resolver-binding-linux-arm-gnueabihf'
215 silly reify ]
216 verbose reify failed optional dependency /Users/nazrinaliyeva/Desktop/music-room/node_modules/@unrs/resolver-binding-freebsd-x64
217 silly reify mark deleted [
217 silly reify   '/Users/nazrinaliyeva/Desktop/music-room/node_modules/@unrs/resolver-binding-freebsd-x64'
217 silly reify ]
218 verbose reify failed optional dependency /Users/nazrinaliyeva/Desktop/music-room/node_modules/@unrs/resolver-binding-darwin-x64
219 silly reify mark deleted [
219 silly reify   '/Users/nazrinaliyeva/Desktop/music-room/node_modules/@unrs/resolver-binding-darwin-x64'
219 silly reify ]
220 verbose reify failed optional dependency /Users/nazrinaliyeva/Desktop/music-room/node_modules/@unrs/resolver-binding-android-arm64
221 silly reify mark deleted [
221 silly reify   '/Users/nazrinaliyeva/Desktop/music-room/node_modules/@unrs/resolver-binding-android-arm64'
221 silly reify ]
222 verbose reify failed optional dependency /Users/nazrinaliyeva/Desktop/music-room/node_modules/@unrs/resolver-binding-android-arm-eabi
223 silly reify mark deleted [
223 silly reify   '/Users/nazrinaliyeva/Desktop/music-room/node_modules/@unrs/resolver-binding-android-arm-eabi'
223 silly reify ]
224 verbose reify failed optional dependency /Users/nazrinaliyeva/Desktop/music-room/node_modules/@tailwindcss/oxide-win32-x64-msvc
225 silly reify mark deleted [
225 silly reify   '/Users/nazrinaliyeva/Desktop/music-room/node_modules/@tailwindcss/oxide-win32-x64-msvc'
225 silly reify ]
226 verbose reify failed optional dependency /Users/nazrinaliyeva/Desktop/music-room/node_modules/@tailwindcss/oxide-win32-arm64-msvc
227 silly reify mark deleted [
227 silly reify   '/Users/nazrinaliyeva/Desktop/music-room/node_modules/@tailwindcss/oxide-win32-arm64-msvc'
227 silly reify ]
228 verbose reify failed optional dependency /Users/nazrinaliyeva/Desktop/music-room/node_modules/@tailwindcss/oxide-linux-x64-musl
229 silly reify mark deleted [
229 silly reify   '/Users/nazrinaliyeva/Desktop/music-room/node_modules/@tailwindcss/oxide-linux-x64-musl'
229 silly reify ]
230 verbose reify failed optional dependency /Users/nazrinaliyeva/Desktop/music-room/node_modules/@tailwindcss/oxide-linux-x64-gnu
231 silly reify mark deleted [
231 silly reify   '/Users/nazrinaliyeva/Desktop/music-room/node_modules/@tailwindcss/oxide-linux-x64-gnu'
231 silly reify ]
232 verbose reify failed optional dependency /Users/nazrinaliyeva/Desktop/music-room/node_modules/@tailwindcss/oxide-linux-arm64-musl
233 silly reify mark deleted [
233 silly reify   '/Users/nazrinaliyeva/Desktop/music-room/node_modules/@tailwindcss/oxide-linux-arm64-musl'
233 silly reify ]
234 verbose reify failed optional dependency /Users/nazrinaliyeva/Desktop/music-room/node_modules/@tailwindcss/oxide-linux-arm64-gnu
235 silly reify mark deleted [
235 silly reify   '/Users/nazrinaliyeva/Desktop/music-room/node_modules/@tailwindcss/oxide-linux-arm64-gnu'
235 silly reify ]
236 verbose reify failed optional dependency /Users/nazrinaliyeva/Desktop/music-room/node_modules/@tailwindcss/oxide-linux-arm-gnueabihf
237 silly reify mark deleted [
237 silly reify   '/Users/nazrinaliyeva/Desktop/music-room/node_modules/@tailwindcss/oxide-linux-arm-gnueabihf'
237 silly reify ]
238 verbose reify failed optional dependency /Users/nazrinaliyeva/Desktop/music-room/node_modules/@tailwindcss/oxide-freebsd-x64
239 silly reify mark deleted [
239 silly reify   '/Users/nazrinaliyeva/Desktop/music-room/node_modules/@tailwindcss/oxide-freebsd-x64'
239 silly reify ]
240 verbose reify failed optional dependency /Users/nazrinaliyeva/Desktop/music-room/node_modules/@tailwindcss/oxide-darwin-x64
241 silly reify mark deleted [
241 silly reify   '/Users/nazrinaliyeva/Desktop/music-room/node_modules/@tailwindcss/oxide-darwin-x64'
241 silly reify ]
242 verbose reify failed optional dependency /Users/nazrinaliyeva/Desktop/music-room/node_modules/@tailwindcss/oxide-android-arm64
243 silly reify mark deleted [
243 silly reify   '/Users/nazrinaliyeva/Desktop/music-room/node_modules/@tailwindcss/oxide-android-arm64'
243 silly reify ]
244 verbose reify failed optional dependency /Users/nazrinaliyeva/Desktop/music-room/node_modules/@next/swc-win32-x64-msvc
245 silly reify mark deleted [
245 silly reify   '/Users/nazrinaliyeva/Desktop/music-room/node_modules/@next/swc-win32-x64-msvc'
245 silly reify ]
246 verbose reify failed optional dependency /Users/nazrinaliyeva/Desktop/music-room/node_modules/@next/swc-win32-arm64-msvc
247 silly reify mark deleted [
247 silly reify   '/Users/nazrinaliyeva/Desktop/music-room/node_modules/@next/swc-win32-arm64-msvc'
247 silly reify ]
248 verbose reify failed optional dependency /Users/nazrinaliyeva/Desktop/music-room/node_modules/@next/swc-linux-x64-musl
249 silly reify mark deleted [
249 silly reify   '/Users/nazrinaliyeva/Desktop/music-room/node_modules/@next/swc-linux-x64-musl'
249 silly reify ]
250 verbose reify failed optional dependency /Users/nazrinaliyeva/Desktop/music-room/node_modules/@next/swc-linux-x64-gnu
251 silly reify mark deleted [
251 silly reify   '/Users/nazrinaliyeva/Desktop/music-room/node_modules/@next/swc-linux-x64-gnu'
251 silly reify ]
252 verbose reify failed optional dependency /Users/nazrinaliyeva/Desktop/music-room/node_modules/@next/swc-linux-arm64-musl
253 silly reify mark deleted [
253 silly reify   '/Users/nazrinaliyeva/Desktop/music-room/node_modules/@next/swc-linux-arm64-musl'
253 silly reify ]
254 verbose reify failed optional dependency /Users/nazrinaliyeva/Desktop/music-room/node_modules/@next/swc-linux-arm64-gnu
255 silly reify mark deleted [
255 silly reify   '/Users/nazrinaliyeva/Desktop/music-room/node_modules/@next/swc-linux-arm64-gnu'
255 silly reify ]
256 verbose reify failed optional dependency /Users/nazrinaliyeva/Desktop/music-room/node_modules/@next/swc-darwin-x64
257 silly reify mark deleted [
257 silly reify   '/Users/nazrinaliyeva/Desktop/music-room/node_modules/@next/swc-darwin-x64'
257 silly reify ]
258 verbose reify failed optional dependency /Users/nazrinaliyeva/Desktop/music-room/node_modules/@img/sharp-win32-x64
259 silly reify mark deleted [
259 silly reify   '/Users/nazrinaliyeva/Desktop/music-room/node_modules/@img/sharp-win32-x64'
259 silly reify ]
260 verbose reify failed optional dependency /Users/nazrinaliyeva/Desktop/music-room/node_modules/@img/sharp-win32-ia32
261 silly reify mark deleted [
261 silly reify   '/Users/nazrinaliyeva/Desktop/music-room/node_modules/@img/sharp-win32-ia32'
261 silly reify ]
262 verbose reify failed optional dependency /Users/nazrinaliyeva/Desktop/music-room/node_modules/@img/sharp-win32-arm64
263 silly reify mark deleted [
263 silly reify   '/Users/nazrinaliyeva/Desktop/music-room/node_modules/@img/sharp-win32-arm64'
263 silly reify ]
264 verbose reify failed optional dependency /Users/nazrinaliyeva/Desktop/music-room/node_modules/@img/sharp-wasm32
265 silly reify mark deleted [
265 silly reify   '/Users/nazrinaliyeva/Desktop/music-room/node_modules/@img/sharp-wasm32'
265 silly reify ]
266 verbose reify failed optional dependency /Users/nazrinaliyeva/Desktop/music-room/node_modules/@img/sharp-linuxmusl-x64
267 silly reify mark deleted [
267 silly reify   '/Users/nazrinaliyeva/Desktop/music-room/node_modules/@img/sharp-linuxmusl-x64'
267 silly reify ]
268 verbose reify failed optional dependency /Users/nazrinaliyeva/Desktop/music-room/node_modules/@img/sharp-linuxmusl-arm64
269 silly reify mark deleted [
269 silly reify   '/Users/nazrinaliyeva/Desktop/music-room/node_modules/@img/sharp-linuxmusl-arm64'
269 silly reify ]
270 verbose reify failed optional dependency /Users/nazrinaliyeva/Desktop/music-room/node_modules/@img/sharp-linux-x64
271 silly reify mark deleted [
271 silly reify   '/Users/nazrinaliyeva/Desktop/music-room/node_modules/@img/sharp-linux-x64'
271 silly reify ]
272 verbose reify failed optional dependency /Users/nazrinaliyeva/Desktop/music-room/node_modules/@img/sharp-linux-s390x
273 silly reify mark deleted [
273 silly reify   '/Users/nazrinaliyeva/Desktop/music-room/node_modules/@img/sharp-linux-s390x'
273 silly reify ]
274 verbose reify failed optional dependency /Users/nazrinaliyeva/Desktop/music-room/node_modules/@img/sharp-linux-riscv64
275 silly reify mark deleted [
275 silly reify   '/Users/nazrinaliyeva/Desktop/music-room/node_modules/@img/sharp-linux-riscv64'
275 silly reify ]
276 verbose reify failed optional dependency /Users/nazrinaliyeva/Desktop/music-room/node_modules/@img/sharp-linux-ppc64
277 silly reify mark deleted [
277 silly reify   '/Users/nazrinaliyeva/Desktop/music-room/node_modules/@img/sharp-linux-ppc64'
277 silly reify ]
278 verbose reify failed optional dependency /Users/nazrinaliyeva/Desktop/music-room/node_modules/@img/sharp-linux-arm64
279 silly reify mark deleted [
279 silly reify   '/Users/nazrinaliyeva/Desktop/music-room/node_modules/@img/sharp-linux-arm64'
279 silly reify ]
280 verbose reify failed optional dependency /Users/nazrinaliyeva/Desktop/music-room/node_modules/@img/sharp-linux-arm
281 silly reify mark deleted [
281 silly reify   '/Users/nazrinaliyeva/Desktop/music-room/node_modules/@img/sharp-linux-arm'
281 silly reify ]
282 verbose reify failed optional dependency /Users/nazrinaliyeva/Desktop/music-room/node_modules/@img/sharp-libvips-linuxmusl-x64
283 silly reify mark deleted [
283 silly reify   '/Users/nazrinaliyeva/Desktop/music-room/node_modules/@img/sharp-libvips-linuxmusl-x64'
283 silly reify ]
284 verbose reify failed optional dependency /Users/nazrinaliyeva/Desktop/music-room/node_modules/@img/sharp-libvips-linuxmusl-arm64
285 silly reify mark deleted [
285 silly reify   '/Users/nazrinaliyeva/Desktop/music-room/node_modules/@img/sharp-libvips-linuxmusl-arm64'
285 silly reify ]
286 verbose reify failed optional dependency /Users/nazrinaliyeva/Desktop/music-room/node_modules/@img/sharp-libvips-linux-x64
287 silly reify mark deleted [
287 silly reify   '/Users/nazrinaliyeva/Desktop/music-room/node_modules/@img/sharp-libvips-linux-x64'
287 silly reify ]
288 verbose reify failed optional dependency /Users/nazrinaliyeva/Desktop/music-room/node_modules/@img/sharp-libvips-linux-s390x
289 silly reify mark deleted [
289 silly reify   '/Users/nazrinaliyeva/Desktop/music-room/node_modules/@img/sharp-libvips-linux-s390x'
289 silly reify ]
290 verbose reify failed optional dependency /Users/nazrinaliyeva/Desktop/music-room/node_modules/@img/sharp-libvips-linux-riscv64
291 silly reify mark deleted [
291 silly reify   '/Users/nazrinaliyeva/Desktop/music-room/node_modules/@img/sharp-libvips-linux-riscv64'
291 silly reify ]
292 verbose reify failed optional dependency /Users/nazrinaliyeva/Desktop/music-room/node_modules/@img/sharp-libvips-linux-ppc64
293 silly reify mark deleted [
293 silly reify   '/Users/nazrinaliyeva/Desktop/music-room/node_modules/@img/sharp-libvips-linux-ppc64'
293 silly reify ]
294 verbose reify failed optional dependency /Users/nazrinaliyeva/Desktop/music-room/node_modules/@img/sharp-libvips-linux-arm64
295 silly reify mark deleted [
295 silly reify   '/Users/nazrinaliyeva/Desktop/music-room/node_modules/@img/sharp-libvips-linux-arm64'
295 silly reify ]
296 verbose reify failed optional dependency /Users/nazrinaliyeva/Desktop/music-room/node_modules/@img/sharp-libvips-linux-arm
297 silly reify mark deleted [
297 silly reify   '/Users/nazrinaliyeva/Desktop/music-room/node_modules/@img/sharp-libvips-linux-arm'
297 silly reify ]
298 verbose reify failed optional dependency /Users/nazrinaliyeva/Desktop/music-room/node_modules/@img/sharp-libvips-darwin-x64
299 silly reify mark deleted [
299 silly reify   '/Users/nazrinaliyeva/Desktop/music-room/node_modules/@img/sharp-libvips-darwin-x64'
299 silly reify ]
300 verbose reify failed optional dependency /Users/nazrinaliyeva/Desktop/music-room/node_modules/@img/sharp-darwin-x64
301 silly reify mark deleted [
301 silly reify   '/Users/nazrinaliyeva/Desktop/music-room/node_modules/@img/sharp-darwin-x64'
301 silly reify ]
302 timing reifyNode:node_modules/lightningcss-win32-x64-msvc Completed in 10ms
303 timing reifyNode:node_modules/lightningcss-win32-arm64-msvc Completed in 10ms
304 timing reifyNode:node_modules/lightningcss-linux-x64-musl Completed in 10ms
305 timing reifyNode:node_modules/lightningcss-linux-x64-gnu Completed in 10ms
306 timing reifyNode:node_modules/lightningcss-linux-arm64-musl Completed in 10ms
307 timing reifyNode:node_modules/lightningcss-linux-arm64-gnu Completed in 10ms
308 timing reifyNode:node_modules/lightningcss-linux-arm-gnueabihf Completed in 10ms
309 timing reifyNode:node_modules/lightningcss-freebsd-x64 Completed in 10ms
310 timing reifyNode:node_modules/lightningcss-darwin-x64 Completed in 10ms
311 timing reifyNode:node_modules/lightningcss-android-arm64 Completed in 10ms
312 timing reifyNode:node_modules/@unrs/resolver-binding-win32-x64-msvc Completed in 10ms
313 timing reifyNode:node_modules/@unrs/resolver-binding-win32-ia32-msvc Completed in 10ms
314 timing reifyNode:node_modules/@unrs/resolver-binding-win32-arm64-msvc Completed in 11ms
315 timing reifyNode:node_modules/@unrs/resolver-binding-wasm32-wasi Completed in 11ms
316 timing reifyNode:node_modules/@unrs/resolver-binding-linux-x64-musl Completed in 11ms
317 timing reifyNode:node_modules/@unrs/resolver-binding-linux-x64-gnu Completed in 11ms
318 timing reifyNode:node_modules/@unrs/resolver-binding-linux-s390x-gnu Completed in 11ms
319 timing reifyNode:node_modules/@unrs/resolver-binding-linux-riscv64-musl Completed in 11ms
320 timing reifyNode:node_modules/@unrs/resolver-binding-linux-riscv64-gnu Completed in 11ms
321 timing reifyNode:node_modules/@unrs/resolver-binding-linux-ppc64-gnu Completed in 11ms
322 timing reifyNode:node_modules/@unrs/resolver-binding-linux-arm64-musl Completed in 11ms
323 timing reifyNode:node_modules/@unrs/resolver-binding-linux-arm64-gnu Completed in 11ms
324 timing reifyNode:node_modules/@unrs/resolver-binding-linux-arm-musleabihf Completed in 11ms
325 timing reifyNode:node_modules/@unrs/resolver-binding-linux-arm-gnueabihf Completed in 11ms
326 timing reifyNode:node_modules/@unrs/resolver-binding-freebsd-x64 Completed in 11ms
327 timing reifyNode:node_modules/@unrs/resolver-binding-darwin-x64 Completed in 11ms
328 timing reifyNode:node_modules/@unrs/resolver-binding-android-arm64 Completed in 11ms
329 timing reifyNode:node_modules/@unrs/resolver-binding-android-arm-eabi Completed in 11ms
330 timing reifyNode:node_modules/@tailwindcss/oxide-win32-x64-msvc Completed in 11ms
331 timing reifyNode:node_modules/@tailwindcss/oxide-win32-arm64-msvc Completed in 11ms
332 timing reifyNode:node_modules/@tailwindcss/oxide-linux-x64-musl Completed in 10ms
333 timing reifyNode:node_modules/@tailwindcss/oxide-linux-x64-gnu Completed in 10ms
334 timing reifyNode:node_modules/@tailwindcss/oxide-linux-arm64-musl Completed in 10ms
335 timing reifyNode:node_modules/@tailwindcss/oxide-linux-arm64-gnu Completed in 10ms
336 timing reifyNode:node_modules/@tailwindcss/oxide-linux-arm-gnueabihf Completed in 10ms
337 timing reifyNode:node_modules/@tailwindcss/oxide-freebsd-x64 Completed in 10ms
338 timing reifyNode:node_modules/@tailwindcss/oxide-darwin-x64 Completed in 10ms
339 timing reifyNode:node_modules/@tailwindcss/oxide-android-arm64 Completed in 10ms
340 timing reifyNode:node_modules/@next/swc-win32-x64-msvc Completed in 10ms
341 timing reifyNode:node_modules/@next/swc-win32-arm64-msvc Completed in 10ms
342 timing reifyNode:node_modules/@next/swc-linux-x64-musl Completed in 10ms
343 timing reifyNode:node_modules/@next/swc-linux-x64-gnu Completed in 10ms
344 timing reifyNode:node_modules/@next/swc-linux-arm64-musl Completed in 10ms
345 timing reifyNode:node_modules/@next/swc-linux-arm64-gnu Completed in 10ms
346 timing reifyNode:node_modules/@next/swc-darwin-x64 Completed in 10ms
347 timing reifyNode:node_modules/@img/sharp-win32-x64 Completed in 10ms
348 timing reifyNode:node_modules/@img/sharp-win32-ia32 Completed in 10ms
349 timing reifyNode:node_modules/@img/sharp-win32-arm64 Completed in 10ms
350 timing reifyNode:node_modules/@img/sharp-wasm32 Completed in 10ms
351 timing reifyNode:node_modules/@img/sharp-linuxmusl-x64 Completed in 10ms
352 timing reifyNode:node_modules/@img/sharp-linuxmusl-arm64 Completed in 10ms
353 timing reifyNode:node_modules/@img/sharp-linux-x64 Completed in 10ms
354 timing reifyNode:node_modules/@img/sharp-linux-s390x Completed in 10ms
355 timing reifyNode:node_modules/@img/sharp-linux-riscv64 Completed in 10ms
356 timing reifyNode:node_modules/@img/sharp-linux-ppc64 Completed in 10ms
357 timing reifyNode:node_modules/@img/sharp-linux-arm64 Completed in 10ms
358 timing reifyNode:node_modules/@img/sharp-linux-arm Completed in 10ms
359 timing reifyNode:node_modules/@img/sharp-libvips-linuxmusl-x64 Completed in 10ms
360 timing reifyNode:node_modules/@img/sharp-libvips-linuxmusl-arm64 Completed in 10ms
361 timing reifyNode:node_modules/@img/sharp-libvips-linux-x64 Completed in 10ms
362 timing reifyNode:node_modules/@img/sharp-libvips-linux-s390x Completed in 10ms
363 timing reifyNode:node_modules/@img/sharp-libvips-linux-riscv64 Completed in 10ms
364 timing reifyNode:node_modules/@img/sharp-libvips-linux-ppc64 Completed in 10ms
365 timing reifyNode:node_modules/@img/sharp-libvips-linux-arm64 Completed in 10ms
366 timing reifyNode:node_modules/@img/sharp-libvips-linux-arm Completed in 10ms
367 timing reifyNode:node_modules/@img/sharp-libvips-darwin-x64 Completed in 10ms
368 timing reifyNode:node_modules/@img/sharp-darwin-x64 Completed in 10ms
369 silly tarball no local data for detect-node-es@https://registry.npmjs.org/detect-node-es/-/detect-node-es-1.1.0.tgz. Extracting by manifest.
370 silly tarball no local data for use-sidecar@https://registry.npmjs.org/use-sidecar/-/use-sidecar-1.1.3.tgz. Extracting by manifest.
371 silly tarball no local data for get-nonce@https://registry.npmjs.org/get-nonce/-/get-nonce-1.0.1.tgz. Extracting by manifest.
372 silly tarball no local data for react-style-singleton@https://registry.npmjs.org/react-style-singleton/-/react-style-singleton-2.2.3.tgz. Extracting by manifest.
373 silly tarball no local data for @radix-ui/react-use-effect-event@https://registry.npmjs.org/@radix-ui/react-use-effect-event/-/react-use-effect-event-0.0.2.tgz. Extracting by manifest.
374 silly tarball no local data for @radix-ui/react-use-layout-effect@https://registry.npmjs.org/@radix-ui/react-use-layout-effect/-/react-use-layout-effect-1.1.1.tgz. Extracting by manifest.
375 silly tarball no local data for use-callback-ref@https://registry.npmjs.org/use-callback-ref/-/use-callback-ref-1.3.3.tgz. Extracting by manifest.
376 silly tarball no local data for react-remove-scroll-bar@https://registry.npmjs.org/react-remove-scroll-bar/-/react-remove-scroll-bar-2.3.8.tgz. Extracting by manifest.
377 silly tarball no local data for @radix-ui/react-use-escape-keydown@https://registry.npmjs.org/@radix-ui/react-use-escape-keydown/-/react-use-escape-keydown-1.1.1.tgz. Extracting by manifest.
378 silly tarball no local data for @radix-ui/react-use-callback-ref@https://registry.npmjs.org/@radix-ui/react-use-callback-ref/-/react-use-callback-ref-1.1.1.tgz. Extracting by manifest.
379 silly tarball no local data for react-remove-scroll@https://registry.npmjs.org/react-remove-scroll/-/react-remove-scroll-2.7.2.tgz. Extracting by manifest.
380 silly tarball no local data for aria-hidden@https://registry.npmjs.org/aria-hidden/-/aria-hidden-1.2.6.tgz. Extracting by manifest.
381 silly tarball no local data for @radix-ui/react-use-controllable-state@https://registry.npmjs.org/@radix-ui/react-use-controllable-state/-/react-use-controllable-state-1.2.2.tgz. Extracting by manifest.
382 silly tarball no local data for @radix-ui/react-slot@https://registry.npmjs.org/@radix-ui/react-slot/-/react-slot-1.2.3.tgz. Extracting by manifest.
383 silly tarball no local data for @radix-ui/react-primitive@https://registry.npmjs.org/@radix-ui/react-primitive/-/react-primitive-2.1.3.tgz. Extracting by manifest.
384 silly tarball no local data for @radix-ui/react-presence@https://registry.npmjs.org/@radix-ui/react-presence/-/react-presence-1.1.5.tgz. Extracting by manifest.
385 silly tarball no local data for @radix-ui/react-portal@https://registry.npmjs.org/@radix-ui/react-portal/-/react-portal-1.1.9.tgz. Extracting by manifest.
386 silly tarball no local data for @radix-ui/react-focus-scope@https://registry.npmjs.org/@radix-ui/react-focus-scope/-/react-focus-scope-1.1.7.tgz. Extracting by manifest.
387 silly tarball no local data for @radix-ui/react-dismissable-layer@https://registry.npmjs.org/@radix-ui/react-dismissable-layer/-/react-dismissable-layer-1.1.11.tgz. Extracting by manifest.
388 silly tarball no local data for @radix-ui/react-focus-guards@https://registry.npmjs.org/@radix-ui/react-focus-guards/-/react-focus-guards-1.1.3.tgz. Extracting by manifest.
389 silly tarball no local data for @radix-ui/react-context@https://registry.npmjs.org/@radix-ui/react-context/-/react-context-1.1.2.tgz. Extracting by manifest.
390 silly tarball no local data for @radix-ui/react-compose-refs@https://registry.npmjs.org/@radix-ui/react-compose-refs/-/react-compose-refs-1.1.2.tgz. Extracting by manifest.
391 silly tarball no local data for @radix-ui/primitive@https://registry.npmjs.org/@radix-ui/primitive/-/primitive-1.1.3.tgz. Extracting by manifest.
392 silly tarball no local data for @radix-ui/react-id@https://registry.npmjs.org/@radix-ui/react-id/-/react-id-1.1.1.tgz. Extracting by manifest.
393 silly tarball no local data for @radix-ui/react-dialog@https://registry.npmjs.org/@radix-ui/react-dialog/-/react-dialog-1.1.15.tgz. Extracting by manifest.
394 http fetch GET 200 https://registry.npmjs.org/detect-node-es/-/detect-node-es-1.1.0.tgz 93ms (cache miss)
395 timing reifyNode:node_modules/detect-node-es Completed in 109ms
396 http fetch GET 200 https://registry.npmjs.org/react-style-singleton/-/react-style-singleton-2.2.3.tgz 93ms (cache miss)
397 http fetch GET 200 https://registry.npmjs.org/get-nonce/-/get-nonce-1.0.1.tgz 93ms (cache miss)
398 timing reifyNode:node_modules/get-nonce Completed in 108ms
399 http fetch GET 200 https://registry.npmjs.org/use-sidecar/-/use-sidecar-1.1.3.tgz 94ms (cache miss)
400 timing reifyNode:node_modules/react-style-singleton Completed in 111ms
401 timing reifyNode:node_modules/use-sidecar Completed in 114ms
402 http fetch GET 200 https://registry.npmjs.org/@radix-ui/react-use-layout-effect/-/react-use-layout-effect-1.1.1.tgz 100ms (cache miss)
403 timing reifyNode:node_modules/@radix-ui/react-use-layout-effect Completed in 116ms
404 http fetch GET 200 https://registry.npmjs.org/@radix-ui/react-use-effect-event/-/react-use-effect-event-0.0.2.tgz 104ms (cache miss)
405 timing reifyNode:node_modules/@radix-ui/react-use-effect-event Completed in 119ms
406 http fetch GET 200 https://registry.npmjs.org/react-remove-scroll-bar/-/react-remove-scroll-bar-2.3.8.tgz 258ms (cache miss)
407 timing reifyNode:node_modules/react-remove-scroll-bar Completed in 274ms
408 http fetch GET 200 https://registry.npmjs.org/aria-hidden/-/aria-hidden-1.2.6.tgz 277ms (cache miss)
409 timing reifyNode:node_modules/aria-hidden Completed in 294ms
410 http fetch GET 200 https://registry.npmjs.org/@radix-ui/react-id/-/react-id-1.1.1.tgz 281ms (cache miss)
411 timing reifyNode:node_modules/@radix-ui/react-id Completed in 298ms
412 http fetch GET 200 https://registry.npmjs.org/@radix-ui/react-primitive/-/react-primitive-2.1.3.tgz 282ms (cache miss)
413 timing reifyNode:node_modules/@radix-ui/react-primitive Completed in 300ms
414 http fetch GET 200 https://registry.npmjs.org/@radix-ui/react-context/-/react-context-1.1.2.tgz 283ms (cache miss)
415 timing reifyNode:node_modules/@radix-ui/react-context Completed in 300ms
416 http fetch GET 200 https://registry.npmjs.org/use-callback-ref/-/use-callback-ref-1.3.3.tgz 286ms (cache miss)
417 http fetch GET 200 https://registry.npmjs.org/@radix-ui/react-slot/-/react-slot-1.2.3.tgz 286ms (cache miss)
418 timing reifyNode:node_modules/@radix-ui/react-slot Completed in 302ms
419 http fetch GET 200 https://registry.npmjs.org/@radix-ui/react-portal/-/react-portal-1.1.9.tgz 286ms (cache miss)
420 timing reifyNode:node_modules/use-callback-ref Completed in 304ms
421 timing reifyNode:node_modules/@radix-ui/react-portal Completed in 304ms
422 http fetch GET 200 https://registry.npmjs.org/@radix-ui/react-use-callback-ref/-/react-use-callback-ref-1.1.1.tgz 293ms (cache miss)
423 timing reifyNode:node_modules/@radix-ui/react-use-callback-ref Completed in 309ms
424 http fetch GET 200 https://registry.npmjs.org/@radix-ui/primitive/-/primitive-1.1.3.tgz 293ms (cache miss)
425 timing reifyNode:node_modules/@radix-ui/primitive Completed in 310ms
426 http fetch GET 200 https://registry.npmjs.org/@radix-ui/react-use-controllable-state/-/react-use-controllable-state-1.2.2.tgz 294ms (cache miss)
427 http fetch GET 200 https://registry.npmjs.org/@radix-ui/react-presence/-/react-presence-1.1.5.tgz 293ms (cache miss)
428 timing reifyNode:node_modules/@radix-ui/react-presence Completed in 310ms
429 timing reifyNode:node_modules/@radix-ui/react-use-controllable-state Completed in 311ms
430 http fetch GET 200 https://registry.npmjs.org/@radix-ui/react-focus-guards/-/react-focus-guards-1.1.3.tgz 298ms (cache miss)
431 timing reifyNode:node_modules/@radix-ui/react-focus-guards Completed in 315ms
432 http fetch GET 200 https://registry.npmjs.org/@radix-ui/react-dismissable-layer/-/react-dismissable-layer-1.1.11.tgz 299ms (cache miss)
433 timing reifyNode:node_modules/@radix-ui/react-dismissable-layer Completed in 316ms
434 http fetch GET 200 https://registry.npmjs.org/@radix-ui/react-compose-refs/-/react-compose-refs-1.1.2.tgz 300ms (cache miss)
435 timing reifyNode:node_modules/@radix-ui/react-compose-refs Completed in 317ms
436 http fetch GET 200 https://registry.npmjs.org/@radix-ui/react-use-escape-keydown/-/react-use-escape-keydown-1.1.1.tgz 301ms (cache miss)
437 timing reifyNode:node_modules/@radix-ui/react-use-escape-keydown Completed in 317ms
438 http fetch GET 200 https://registry.npmjs.org/react-remove-scroll/-/react-remove-scroll-2.7.2.tgz 301ms (cache miss)
439 http fetch GET 200 https://registry.npmjs.org/@radix-ui/react-focus-scope/-/react-focus-scope-1.1.7.tgz 300ms (cache miss)
440 timing reifyNode:node_modules/@radix-ui/react-focus-scope Completed in 317ms
441 timing reifyNode:node_modules/react-remove-scroll Completed in 317ms
442 http fetch GET 200 https://registry.npmjs.org/@radix-ui/react-dialog/-/react-dialog-1.1.15.tgz 307ms (cache miss)
443 timing reifyNode:node_modules/@radix-ui/react-dialog Completed in 324ms
444 timing reify:unpack Completed in 325ms
445 timing reify:unretire Completed in 0ms
446 timing build:queue Completed in 2ms
447 timing build:deps Completed in 2ms
448 timing build Completed in 2ms
449 timing reify:build Completed in 2ms
450 timing reify:trash Completed in 3ms
451 http fetch POST 200 https://registry.npmjs.org/-/npm/v1/security/advisories/bulk 388ms
452 timing auditReport:getReport Completed in 391ms
453 silly audit report {}
454 timing auditReport:init Completed in 0ms
455 timing reify:audit Completed in 392ms
456 timing reify:save Completed in 57ms
457 timing reify Completed in 3363ms
458 silly ADD node_modules/detect-node-es
459 silly ADD node_modules/get-nonce
460 silly ADD node_modules/use-sidecar
461 silly ADD node_modules/use-callback-ref
462 silly ADD node_modules/react-style-singleton
463 silly ADD node_modules/react-remove-scroll-bar
464 silly ADD node_modules/@radix-ui/react-use-effect-event
465 silly ADD node_modules/@radix-ui/react-use-layout-effect
466 silly ADD node_modules/@radix-ui/react-use-escape-keydown
467 silly ADD node_modules/@radix-ui/react-use-callback-ref
468 silly ADD node_modules/react-remove-scroll
469 silly ADD node_modules/aria-hidden
470 silly ADD node_modules/@radix-ui/react-use-controllable-state
471 silly ADD node_modules/@radix-ui/react-slot
472 silly ADD node_modules/@radix-ui/react-primitive
473 silly ADD node_modules/@radix-ui/react-presence
474 silly ADD node_modules/@radix-ui/react-portal
475 silly ADD node_modules/@radix-ui/react-id
476 silly ADD node_modules/@radix-ui/react-focus-scope
477 silly ADD node_modules/@radix-ui/react-focus-guards
478 silly ADD node_modules/@radix-ui/react-dismissable-layer
479 silly ADD node_modules/@radix-ui/react-context
480 silly ADD node_modules/@radix-ui/react-compose-refs
481 silly ADD node_modules/@radix-ui/primitive
482 silly ADD node_modules/@radix-ui/react-dialog
483 silly ADD
484 silly ADD
485 silly ADD
486 silly ADD
487 silly ADD
488 silly ADD
489 silly ADD
490 silly ADD
491 silly ADD
492 silly ADD
493 silly ADD
494 silly ADD
495 silly ADD
496 silly ADD
497 silly ADD
498 silly ADD
499 silly ADD
500 silly ADD
501 silly ADD
502 silly ADD
503 silly ADD
504 silly ADD
505 silly ADD
506 silly ADD
507 silly ADD
508 silly ADD
509 silly ADD
510 silly ADD
511 silly ADD
512 silly ADD
513 silly ADD
514 silly ADD
515 silly ADD
516 silly ADD
517 silly ADD
518 silly ADD
519 silly ADD
520 silly ADD
521 silly ADD
522 silly ADD
523 silly ADD
524 silly ADD
525 silly ADD
526 silly ADD
527 silly ADD
528 silly ADD
529 silly ADD
530 silly ADD
531 silly ADD
532 silly ADD
533 silly ADD
534 silly ADD
535 silly ADD
536 silly ADD
537 silly ADD
538 silly ADD
539 silly ADD
540 silly ADD
541 silly ADD
542 silly ADD
543 silly ADD
544 silly ADD
545 silly ADD
546 silly ADD
547 silly ADD
548 silly ADD
549 silly ADD
550 silly ADD
551 timing command:install Completed in 3366ms
552 verbose exit 0
553 timing npm Completed in 3451ms
554 info ok
